This file contains any messages produced by compilers while
running configure, to aid debugging if configure makes a mistake.

It was created by TPTD configure 0.1, which was
generated by GNU Autoconf 2.63.  Invocation command line was

  $ ./configure 

## --------- ##
## Platform. ##
## --------- ##

hostname = Thu-Zero01.tsinghua.edu.cn
uname -m = x86_64
uname -r = 2.6.32-358.el6.x86_64
uname -s = Linux
uname -v = #1 SMP Fri Feb 22 00:31:26 UTC 2013

/usr/bin/uname -p = unknown
/bin/uname -X     = unknown

/bin/arch              = x86_64
/usr/bin/arch -k       = unknown
/usr/convex/getsysinfo = unknown
/usr/bin/hostinfo      = unknown
/bin/machine           = unknown
/usr/bin/oslevel       = unknown
/bin/universe          = unknown

PATH: /usr/lib64/qt-3.3/bin
PATH: /usr/local/sbin
PATH: /usr/local/bin
PATH: /sbin
PATH: /bin
PATH: /usr/sbin
PATH: /usr/bin
PATH: /root/bin


## ----------- ##
## Core tests. ##
## ----------- ##

configure:1941: checking for a BSD-compatible install
configure:2009: result: /usr/bin/install -c
configure:2020: checking whether build environment is sane
configure:2080: result: yes
configure:2221: checking for a thread-safe mkdir -p
configure:2260: result: /bin/mkdir -p
configure:2273: checking for gawk
configure:2289: found /bin/gawk
configure:2300: result: gawk
configure:2311: checking whether make sets $(MAKE)
configure:2333: result: yes
configure:2483: checking for g++
configure:2499: found /usr/bin/g++
configure:2510: result: g++
configure:2537: checking for C++ compiler version
configure:2545: g++ --version >&5
g++ (GCC) 4.4.7 20120313 (Red Hat 4.4.7-4)
Copyright (C) 2010 Free Software Foundation, Inc.
This is free software; see the source for copying conditions.  There is NO
warranty; not even for MERCHANTABILITY or FITNESS FOR A PARTICULAR PURPOSE.

configure:2549: $? = 0
configure:2556: g++ -v >&5
Using built-in specs.
Target: x86_64-redhat-linux
Configured with: ../configure --prefix=/usr --mandir=/usr/share/man --infodir=/usr/share/info --with-bugurl=http://bugzilla.redhat.com/bugzilla --enable-bootstrap --enable-shared --enable-threads=posix --enable-checking=release --with-system-zlib --enable-__cxa_atexit --disable-libunwind-exceptions --enable-gnu-unique-object --enable-languages=c,c++,objc,obj-c++,java,fortran,ada --enable-java-awt=gtk --disable-dssi --with-java-home=/usr/lib/jvm/java-1.5.0-gcj-1.5.0.0/jre --enable-libgcj-multifile --enable-java-maintainer-mode --with-ecj-jar=/usr/share/java/eclipse-ecj.jar --disable-libjava-multilib --with-ppl --with-cloog --with-tune=generic --with-arch_32=i686 --build=x86_64-redhat-linux
Thread model: posix
gcc version 4.4.7 20120313 (Red Hat 4.4.7-4) (GCC) 
configure:2560: $? = 0
configure:2567: g++ -V >&5
g++: '-V' option must have argument
configure:2571: $? = 1
configure:2594: checking for C++ compiler default output file name
configure:2616: g++    conftest.cpp  >&5
configure:2620: $? = 0
configure:2658: result: a.out
configure:2677: checking whether the C++ compiler works
configure:2687: ./a.out
configure:2691: $? = 0
configure:2710: result: yes
configure:2717: checking whether we are cross compiling
configure:2719: result: no
configure:2722: checking for suffix of executables
configure:2729: g++ -o conftest    conftest.cpp  >&5
configure:2733: $? = 0
configure:2759: result: 
configure:2765: checking for suffix of object files
configure:2791: g++ -c   conftest.cpp >&5
configure:2795: $? = 0
configure:2820: result: o
configure:2824: checking whether we are using the GNU C++ compiler
configure:2853: g++ -c   conftest.cpp >&5
configure:2860: $? = 0
configure:2877: result: yes
configure:2886: checking whether g++ accepts -g
configure:2916: g++ -c -g  conftest.cpp >&5
configure:2923: $? = 0
configure:3024: result: yes
configure:3058: checking for style of include used by make
configure:3086: result: GNU
configure:3111: checking dependency style of g++
configure:3221: result: gcc3
configure:3284: checking for gcc
configure:3300: found /usr/bin/gcc
configure:3311: result: gcc
configure:3543: checking for C compiler version
configure:3551: gcc --version >&5
gcc (GCC) 4.4.7 20120313 (Red Hat 4.4.7-4)
Copyright (C) 2010 Free Software Foundation, Inc.
This is free software; see the source for copying conditions.  There is NO
warranty; not even for MERCHANTABILITY or FITNESS FOR A PARTICULAR PURPOSE.

configure:3555: $? = 0
configure:3562: gcc -v >&5
Using built-in specs.
Target: x86_64-redhat-linux
Configured with: ../configure --prefix=/usr --mandir=/usr/share/man --infodir=/usr/share/info --with-bugurl=http://bugzilla.redhat.com/bugzilla --enable-bootstrap --enable-shared --enable-threads=posix --enable-checking=release --with-system-zlib --enable-__cxa_atexit --disable-libunwind-exceptions --enable-gnu-unique-object --enable-languages=c,c++,objc,obj-c++,java,fortran,ada --enable-java-awt=gtk --disable-dssi --with-java-home=/usr/lib/jvm/java-1.5.0-gcj-1.5.0.0/jre --enable-libgcj-multifile --enable-java-maintainer-mode --with-ecj-jar=/usr/share/java/eclipse-ecj.jar --disable-libjava-multilib --with-ppl --with-cloog --with-tune=generic --with-arch_32=i686 --build=x86_64-redhat-linux
Thread model: posix
gcc version 4.4.7 20120313 (Red Hat 4.4.7-4) (GCC) 
configure:3566: $? = 0
configure:3573: gcc -V >&5
gcc: '-V' option must have argument
configure:3577: $? = 1
configure:3580: checking whether we are using the GNU C compiler
configure:3609: gcc -c   conftest.c >&5
configure:3616: $? = 0
configure:3633: result: yes
configure:3642: checking whether gcc accepts -g
configure:3672: gcc -c -g  conftest.c >&5
configure:3679: $? = 0
configure:3780: result: yes
configure:3797: checking for gcc option to accept ISO C89
configure:3871: gcc  -c -g -O2  conftest.c >&5
configure:3878: $? = 0
configure:3901: result: none needed
configure:3921: checking dependency style of gcc
configure:4031: result: gcc3
configure:4089: checking for ranlib
configure:4105: found /usr/bin/ranlib
configure:4116: result: ranlib
configure:4152: checking for a BSD-compatible install
configure:4220: result: /usr/bin/install -c
configure:4241: checking how to run the C preprocessor
configure:4281: gcc -E  conftest.c
configure:4288: $? = 0
configure:4319: gcc -E  conftest.c
conftest.c:10:28: error: ac_nonexistent.h: No such file or directory
configure:4326: $? = 1
configure: failed program was:
| /* confdefs.h.  */
| #define PACKAGE_NAME "TPTD"
| #define PACKAGE_TARNAME "tptd"
| #define PACKAGE_VERSION "0.1"
| #define PACKAGE_STRING "TPTD 0.1"
| #define PACKAGE_BUGREPORT "stonetools2008@gmail.com"
| #define PACKAGE "TPTD"
| #define VERSION "0.1"
| /* end confdefs.h.  */
| #include <ac_nonexistent.h>
configure:4359: result: gcc -E
configure:4388: gcc -E  conftest.c
configure:4395: $? = 0
configure:4426: gcc -E  conftest.c
conftest.c:10:28: error: ac_nonexistent.h: No such file or directory
configure:4433: $? = 1
configure: failed program was:
| /* confdefs.h.  */
| #define PACKAGE_NAME "TPTD"
| #define PACKAGE_TARNAME "tptd"
| #define PACKAGE_VERSION "0.1"
| #define PACKAGE_STRING "TPTD 0.1"
| #define PACKAGE_BUGREPORT "stonetools2008@gmail.com"
| #define PACKAGE "TPTD"
| #define VERSION "0.1"
| /* end confdefs.h.  */
| #include <ac_nonexistent.h>
configure:4473: checking for grep that handles long lines and -e
configure:4533: result: /bin/grep
configure:4538: checking for egrep
configure:4602: result: /bin/grep -E
configure:4607: checking for ANSI C header files
configure:4637: gcc -c -g -O2  conftest.c >&5
configure:4644: $? = 0
configure:4743: gcc -o conftest -g -O2   conftest.c  >&5
configure:4747: $? = 0
configure:4753: ./conftest
configure:4757: $? = 0
configure:4775: result: yes
configure:4799: checking for sys/types.h
configure:4820: gcc -c -g -O2  conftest.c >&5
configure:4827: $? = 0
configure:4844: result: yes
configure:4799: checking for sys/stat.h
configure:4820: gcc -c -g -O2  conftest.c >&5
configure:4827: $? = 0
configure:4844: result: yes
configure:4799: checking for stdlib.h
configure:4820: gcc -c -g -O2  conftest.c >&5
configure:4827: $? = 0
configure:4844: result: yes
configure:4799: checking for string.h
configure:4820: gcc -c -g -O2  conftest.c >&5
configure:4827: $? = 0
configure:4844: result: yes
configure:4799: checking for memory.h
configure:4820: gcc -c -g -O2  conftest.c >&5
configure:4827: $? = 0
configure:4844: result: yes
configure:4799: checking for strings.h
configure:4820: gcc -c -g -O2  conftest.c >&5
configure:4827: $? = 0
configure:4844: result: yes
configure:4799: checking for inttypes.h
configure:4820: gcc -c -g -O2  conftest.c >&5
configure:4827: $? = 0
configure:4844: result: yes
configure:4799: checking for stdint.h
configure:4820: gcc -c -g -O2  conftest.c >&5
configure:4827: $? = 0
configure:4844: result: yes
configure:4799: checking for unistd.h
configure:4820: gcc -c -g -O2  conftest.c >&5
configure:4827: $? = 0
configure:4844: result: yes
configure:4860: checking for working alloca.h
configure:4887: gcc -o conftest -g -O2   conftest.c  >&5
configure:4894: $? = 0
configure:4914: result: yes
configure:4924: checking for alloca
configure:4971: gcc -o conftest -g -O2   conftest.c  >&5
configure:4978: $? = 0
configure:4998: result: yes
configure:5261: checking arpa/inet.h usability
configure:5278: gcc -c -g -O2  conftest.c >&5
configure:5285: $? = 0
configure:5299: result: yes
configure:5303: checking arpa/inet.h presence
configure:5318: gcc -E  conftest.c
configure:5325: $? = 0
configure:5339: result: yes
configure:5372: checking for arpa/inet.h
configure:5381: result: yes
configure:5261: checking fcntl.h usability
configure:5278: gcc -c -g -O2  conftest.c >&5
configure:5285: $? = 0
configure:5299: result: yes
configure:5303: checking fcntl.h presence
configure:5318: gcc -E  conftest.c
configure:5325: $? = 0
configure:5339: result: yes
configure:5372: checking for fcntl.h
configure:5381: result: yes
configure:5261: checking netinet/in.h usability
configure:5278: gcc -c -g -O2  conftest.c >&5
configure:5285: $? = 0
configure:5299: result: yes
configure:5303: checking netinet/in.h presence
configure:5318: gcc -E  conftest.c
configure:5325: $? = 0
configure:5339: result: yes
configure:5372: checking for netinet/in.h
configure:5381: result: yes
configure:5250: checking for stdlib.h
configure:5257: result: yes
configure:5250: checking for string.h
configure:5257: result: yes
configure:5261: checking sys/ioctl.h usability
configure:5278: gcc -c -g -O2  conftest.c >&5
configure:5285: $? = 0
configure:5299: result: yes
configure:5303: checking sys/ioctl.h presence
configure:5318: gcc -E  conftest.c
configure:5325: $? = 0
configure:5339: result: yes
configure:5372: checking for sys/ioctl.h
configure:5381: result: yes
configure:5261: checking sys/socket.h usability
configure:5278: gcc -c -g -O2  conftest.c >&5
configure:5285: $? = 0
configure:5299: result: yes
configure:5303: checking sys/socket.h presence
configure:5318: gcc -E  conftest.c
configure:5325: $? = 0
configure:5339: result: yes
configure:5372: checking for sys/socket.h
configure:5381: result: yes
configure:5261: checking sys/time.h usability
configure:5278: gcc -c -g -O2  conftest.c >&5
configure:5285: $? = 0
configure:5299: result: yes
configure:5303: checking sys/time.h presence
configure:5318: gcc -E  conftest.c
configure:5325: $? = 0
configure:5339: result: yes
configure:5372: checking for sys/time.h
configure:5381: result: yes
configure:5261: checking syslog.h usability
configure:5278: gcc -c -g -O2  conftest.c >&5
configure:5285: $? = 0
configure:5299: result: yes
configure:5303: checking syslog.h presence
configure:5318: gcc -E  conftest.c
configure:5325: $? = 0
configure:5339: result: yes
configure:5372: checking for syslog.h
configure:5381: result: yes
configure:5250: checking for unistd.h
configure:5257: result: yes
configure:5398: checking for an ANSI C-conforming const
configure:5473: gcc -c -g -O2  conftest.c >&5
configure:5480: $? = 0
configure:5495: result: yes
configure:5505: checking for inline
configure:5531: gcc -c -g -O2  conftest.c >&5
configure:5538: $? = 0
configure:5556: result: inline
configure:5575: checking whether time.h and sys/time.h may both be included
configure:5605: gcc -c -g -O2  conftest.c >&5
configure:5612: $? = 0
configure:5627: result: yes
configure:5638: checking whether byte ordering is bigendian
configure:5663: gcc -c -g -O2  conftest.c >&5
conftest.c:34: error: expected '=', ',', ';', 'asm' or '__attribute__' before 'a'
configure:5670: $? = 1
configure: failed program was:
| /* confdefs.h.  */
| #define PACKAGE_NAME "TPTD"
| #define PACKAGE_TARNAME "tptd"
| #define PACKAGE_VERSION "0.1"
| #define PACKAGE_STRING "TPTD 0.1"
| #define PACKAGE_BUGREPORT "stonetools2008@gmail.com"
| #define PACKAGE "TPTD"
| #define VERSION "0.1"
| #define STDC_HEADERS 1
| #define HAVE_SYS_TYPES_H 1
| #define HAVE_SYS_STAT_H 1
| #define HAVE_STDLIB_H 1
| #define HAVE_STRING_H 1
| #define HAVE_MEMORY_H 1
| #define HAVE_STRINGS_H 1
| #define HAVE_INTTYPES_H 1
| #define HAVE_STDINT_H 1
| #define HAVE_UNISTD_H 1
| #define HAVE_ALLOCA_H 1
| #define HAVE_ALLOCA 1
| #define HAVE_ARPA_INET_H 1
| #define HAVE_FCNTL_H 1
| #define HAVE_NETINET_IN_H 1
| #define HAVE_STDLIB_H 1
| #define HAVE_STRING_H 1
| #define HAVE_SYS_IOCTL_H 1
| #define HAVE_SYS_SOCKET_H 1
| #define HAVE_SYS_TIME_H 1
| #define HAVE_SYSLOG_H 1
| #define HAVE_UNISTD_H 1
| #define TIME_WITH_SYS_TIME 1
| /* end confdefs.h.  */
| #ifndef __APPLE_CC__
| 	       not a universal capable compiler
| 	     #endif
| 	     typedef int dummy;
| 
configure:5720: gcc -c -g -O2  conftest.c >&5
configure:5727: $? = 0
configure:5759: gcc -c -g -O2  conftest.c >&5
conftest.c: In function 'main':
conftest.c:40: error: 'not' undeclared (first use in this function)
conftest.c:40: error: (Each undeclared identifier is reported only once
conftest.c:40: error: for each function it appears in.)
conftest.c:40: error: expected ';' before 'big'
configure:5766: $? = 1
configure: failed program was:
| /* confdefs.h.  */
| #define PACKAGE_NAME "TPTD"
| #define PACKAGE_TARNAME "tptd"
| #define PACKAGE_VERSION "0.1"
| #define PACKAGE_STRING "TPTD 0.1"
| #define PACKAGE_BUGREPORT "stonetools2008@gmail.com"
| #define PACKAGE "TPTD"
| #define VERSION "0.1"
| #define STDC_HEADERS 1
| #define HAVE_SYS_TYPES_H 1
| #define HAVE_SYS_STAT_H 1
| #define HAVE_STDLIB_H 1
| #define HAVE_STRING_H 1
| #define HAVE_MEMORY_H 1
| #define HAVE_STRINGS_H 1
| #define HAVE_INTTYPES_H 1
| #define HAVE_STDINT_H 1
| #define HAVE_UNISTD_H 1
| #define HAVE_ALLOCA_H 1
| #define HAVE_ALLOCA 1
| #define HAVE_ARPA_INET_H 1
| #define HAVE_FCNTL_H 1
| #define HAVE_NETINET_IN_H 1
| #define HAVE_STDLIB_H 1
| #define HAVE_STRING_H 1
| #define HAVE_SYS_IOCTL_H 1
| #define HAVE_SYS_SOCKET_H 1
| #define HAVE_SYS_TIME_H 1
| #define HAVE_SYSLOG_H 1
| #define HAVE_UNISTD_H 1
| #define TIME_WITH_SYS_TIME 1
| /* end confdefs.h.  */
| #include <sys/types.h>
| 		#include <sys/param.h>
| 
| int
| main ()
| {
| #if BYTE_ORDER != BIG_ENDIAN
| 		 not big endian
| 		#endif
| 
|   ;
|   return 0;
| }
configure:6018: result: no
configure:6049: checking for gettimeofday
configure:6105: gcc -o conftest -g -O2 -D_BSD_SOURCE   conftest.c  >&5
configure:6112: $? = 0
configure:6134: result: yes
configure:6147: checking for socket in -lsocket
configure:6182: gcc -o conftest -g -O2 -D_BSD_SOURCE   conftest.c -lsocket   >&5
/usr/bin/ld: cannot find -lsocket
collect2: ld returned 1 exit status
configure:6189: $? = 1
configure: failed program was:
| /* confdefs.h.  */
| #define PACKAGE_NAME "TPTD"
| #define PACKAGE_TARNAME "tptd"
| #define PACKAGE_VERSION "0.1"
| #define PACKAGE_STRING "TPTD 0.1"
| #define PACKAGE_BUGREPORT "stonetools2008@gmail.com"
| #define PACKAGE "TPTD"
| #define VERSION "0.1"
| #define STDC_HEADERS 1
| #define HAVE_SYS_TYPES_H 1
| #define HAVE_SYS_STAT_H 1
| #define HAVE_STDLIB_H 1
| #define HAVE_STRING_H 1
| #define HAVE_MEMORY_H 1
| #define HAVE_STRINGS_H 1
| #define HAVE_INTTYPES_H 1
| #define HAVE_STDINT_H 1
| #define HAVE_UNISTD_H 1
| #define HAVE_ALLOCA_H 1
| #define HAVE_ALLOCA 1
| #define HAVE_ARPA_INET_H 1
| #define HAVE_FCNTL_H 1
| #define HAVE_NETINET_IN_H 1
| #define HAVE_STDLIB_H 1
| #define HAVE_STRING_H 1
| #define HAVE_SYS_IOCTL_H 1
| #define HAVE_SYS_SOCKET_H 1
| #define HAVE_SYS_TIME_H 1
| #define HAVE_SYSLOG_H 1
| #define HAVE_UNISTD_H 1
| #define TIME_WITH_SYS_TIME 1
| #define HAVE_GETTIMEOFDAY 1
| /* end confdefs.h.  */
| 
| /* Override any GCC internal prototype to avoid an error.
|    Use char because int might match the return type of a GCC
|    builtin and then its argument prototype would still apply.  */
| #ifdef __cplusplus
| extern "C"
| #endif
| char socket ();
| int
| main ()
| {
| return socket ();
|   ;
|   return 0;
| }
configure:6210: result: no
configure:6222: checking for gethostbyname in -lnsl
configure:6257: gcc -o conftest -g -O2 -D_BSD_SOURCE   conftest.c -lnsl   >&5
configure:6264: $? = 0
configure:6285: result: yes
configure:6313: checking for libpcap
configure:6404: result: yes
configure:6473: checking for pkg-config
configure:6491: found /usr/bin/pkg-config
configure:6503: result: /usr/bin/pkg-config
configure:6528: checking pkg-config is at least version 0.9.0
configure:6531: result: yes
configure:6541: checking for GLIB
configure:6548: $PKG_CONFIG --exists --print-errors "glib-2.0 >= 2.2.0"
configure:6551: $? = 0
configure:6564: $PKG_CONFIG --exists --print-errors "glib-2.0 >= 2.2.0"
configure:6567: $? = 0
configure:6646: result: yes
configure:6651: checking for GTHREAD
configure:6658: $PKG_CONFIG --exists --print-errors "gthread-2.0 >= 2.2.0"
configure:6661: $? = 0
configure:6674: $PKG_CONFIG --exists --print-errors "gthread-2.0 >= 2.2.0"
configure:6677: $? = 0
configure:6756: result: yes
configure:6761: checking for g_thread_init in -lgthread-2.0
configure:6796: gcc -o conftest -g -O2 -D_BSD_SOURCE   conftest.c -lgthread-2.0 -pthread -lgthread-2.0 -lrt -lglib-2.0   -lnsl  >&5
configure:6803: $? = 0
configure:6824: result: yes
configure:6842: checking for libnet
configure:6941: gcc -o conftest -g -O2 -D_BSD_SOURCE -I/usr/local/include -D_BSD_SOURCE -D__BSD_SOURCE -D__FAVOR_BSD -DHAVE_NET_ETHERNET_H   conftest.c -L/usr/local/lib -lnet -lgthread-2.0 -lnsl  >&5
configure:6948: $? = 0
configure:6971: result: yes
configure:6985: checking whether to build shared library
configure:7006: result: no
configure:7013: checking the name of struct icmp
configure:7039: gcc -c -g -O2 -D_BSD_SOURCE  conftest.c >&5
configure:7046: $? = 0
configure:7062: result: struct icmphdr
configure:7066: checking if tcp states are defined
configure:7091: gcc -c -g -O2 -D_BSD_SOURCE  conftest.c >&5
configure:7098: $? = 0
configure:7114: result: yes
configure:7119: checking for bsd-ish struct udphdr
configure:7144: gcc -c -g -O2 -D_BSD_SOURCE  conftest.c >&5
configure:7151: $? = 0
configure:7167: result: yes
configure:7174: checking libnet version
configure:7197: gcc -c -g -O2 -D_BSD_SOURCE -I/usr/local/include -D_BSD_SOURCE -D__BSD_SOURCE -D__FAVOR_BSD -DHAVE_NET_ETHERNET_H  conftest.c >&5
configure:7204: $? = 0
configure:7220: result: looks new
configure:7400: creating ./config.status

## ---------------------- ##
## Running config.status. ##
## ---------------------- ##

This file was extended by TPTD config.status 0.1, which was
generated by GNU Autoconf 2.63.  Invocation command line was

  CONFIG_FILES    = 
  CONFIG_HEADERS  = 
  CONFIG_LINKS    = 
  CONFIG_COMMANDS = 
  $ ./config.status 

on Thu-Zero01.tsinghua.edu.cn

config.status:818: creating Makefile
config.status:818: creating src/Makefile
config.status:818: creating src/wblist/Makefile
config.status:818: creating src/ipfragment/Makefile
config.status:818: creating src/fft/Makefile
config.status:818: creating src/alst/Makefile
config.status:802: error: cannot find input file: src/ssd/Makefile.in

## ---------------- ##
## Cache variables. ##
## ---------------- ##

ac_cv_c_bigendian=no
ac_cv_c_compiler_gnu=yes
ac_cv_c_const=yes
ac_cv_c_inline=inline
ac_cv_cxx_compiler_gnu=yes
ac_cv_env_CCC_set=
ac_cv_env_CCC_value=
ac_cv_env_CC_set=
ac_cv_env_CC_value=
ac_cv_env_CFLAGS_set=
ac_cv_env_CFLAGS_value=
ac_cv_env_CPPFLAGS_set=
ac_cv_env_CPPFLAGS_value=
ac_cv_env_CPP_set=
ac_cv_env_CPP_value=
ac_cv_env_CXXFLAGS_set=
ac_cv_env_CXXFLAGS_value=
ac_cv_env_CXX_set=
ac_cv_env_CXX_value=
ac_cv_env_GLIB_CFLAGS_set=
ac_cv_env_GLIB_CFLAGS_value=
ac_cv_env_GLIB_LIBS_set=
ac_cv_env_GLIB_LIBS_value=
ac_cv_env_GTHREAD_CFLAGS_set=
ac_cv_env_GTHREAD_CFLAGS_value=
ac_cv_env_GTHREAD_LIBS_set=
ac_cv_env_GTHREAD_LIBS_value=
ac_cv_env_LDFLAGS_set=
ac_cv_env_LDFLAGS_value=
ac_cv_env_LIBS_set=
ac_cv_env_LIBS_value=
ac_cv_env_PKG_CONFIG_LIBDIR_set=
ac_cv_env_PKG_CONFIG_LIBDIR_value=
ac_cv_env_PKG_CONFIG_PATH_set=
ac_cv_env_PKG_CONFIG_PATH_value=
ac_cv_env_PKG_CONFIG_set=
ac_cv_env_PKG_CONFIG_value=
ac_cv_env_build_alias_set=
ac_cv_env_build_alias_value=
ac_cv_env_host_alias_set=
ac_cv_env_host_alias_value=
ac_cv_env_target_alias_set=
ac_cv_env_target_alias_value=
ac_cv_func_alloca_works=yes
ac_cv_func_gettimeofday=yes
ac_cv_header_arpa_inet_h=yes
ac_cv_header_fcntl_h=yes
ac_cv_header_inttypes_h=yes
ac_cv_header_memory_h=yes
ac_cv_header_netinet_in_h=yes
ac_cv_header_stdc=yes
ac_cv_header_stdint_h=yes
ac_cv_header_stdlib_h=yes
ac_cv_header_string_h=yes
ac_cv_header_strings_h=yes
ac_cv_header_sys_ioctl_h=yes
ac_cv_header_sys_socket_h=yes
ac_cv_header_sys_stat_h=yes
ac_cv_header_sys_time_h=yes
ac_cv_header_sys_types_h=yes
ac_cv_header_syslog_h=yes
ac_cv_header_time=yes
ac_cv_header_unistd_h=yes
ac_cv_lbl_unaligned_fail=no
ac_cv_lib_gthread_2_0_g_thread_init=yes
ac_cv_lib_nsl_gethostbyname=yes
ac_cv_lib_socket_socket=no
ac_cv_objext=o
ac_cv_path_EGREP='/bin/grep -E'
ac_cv_path_GREP=/bin/grep
ac_cv_path_ac_pt_PKG_CONFIG=/usr/bin/pkg-config
ac_cv_path_install='/usr/bin/install -c'
ac_cv_path_mkdir=/bin/mkdir
ac_cv_prog_AWK=gawk
ac_cv_prog_CPP='gcc -E'
ac_cv_prog_ac_ct_CC=gcc
ac_cv_prog_ac_ct_CXX=g++
ac_cv_prog_ac_ct_RANLIB=ranlib
ac_cv_prog_cc_c89=
ac_cv_prog_cc_g=yes
ac_cv_prog_cxx_g=yes
ac_cv_prog_make_make_set=yes
ac_cv_working_alloca_h=yes
am_cv_CC_dependencies_compiler_type=gcc3
am_cv_CXX_dependencies_compiler_type=gcc3
pkg_cv_GLIB_CFLAGS='-I/usr/include/glib-2.0 -I/usr/lib64/glib-2.0/include  '
pkg_cv_GLIB_LIBS='-lglib-2.0  '
pkg_cv_GTHREAD_CFLAGS='-pthread -I/usr/include/glib-2.0 -I/usr/lib64/glib-2.0/include  '
pkg_cv_GTHREAD_LIBS='-pthread -lgthread-2.0 -lrt -lglib-2.0  '

## ----------------- ##
## Output variables. ##
## ----------------- ##

ACLOCAL='${SHELL} /CC/TPTD_SVN/TPTD/TPTD/missing --run aclocal-1.11'
ALLOCA=''
AMDEPBACKSLASH='\'
AMDEP_FALSE='#'
AMDEP_TRUE=''
AMTAR='${SHELL} /CC/TPTD_SVN/TPTD/TPTD/missing --run tar'
AUTOCONF='${SHELL} /CC/TPTD_SVN/TPTD/TPTD/missing --run autoconf'
AUTOHEADER='${SHELL} /CC/TPTD_SVN/TPTD/TPTD/missing --run autoheader'
AUTOMAKE='${SHELL} /CC/TPTD_SVN/TPTD/TPTD/missing --run automake-1.11'
AWK='gawk'
BUILD_SHARED=''
CC='gcc'
CCDEPMODE='depmode=gcc3'
CFLAGS='-g -O2 -D_BSD_SOURCE -DFFT'
CPP='gcc -E'
CPPFLAGS=''
CXX='g++'
CXXDEPMODE='depmode=gcc3'
CXXFLAGS='-g -O2'
CYGPATH_W='echo'
DEFS='-DHAVE_CONFIG_H'
DEPDIR='.deps'
ECHO_C=''
ECHO_N='-n'
ECHO_T=''
EGREP='/bin/grep -E'
EXEEXT=''
GLIB_CFLAGS='-I/usr/include/glib-2.0 -I/usr/lib64/glib-2.0/include  '
GLIB_LIBS='-lglib-2.0  '
GREP='/bin/grep'
GTHREAD_CFLAGS='-pthread -I/usr/include/glib-2.0 -I/usr/lib64/glib-2.0/include  '
GTHREAD_LIBS='-pthread -lgthread-2.0 -lrt -lglib-2.0  '
HAVE_BSD_UDPHDR='1'
ICMPHEADER='1'
INSTALL_DATA='${INSTALL} -m 644'
INSTALL_PROGRAM='${INSTALL}'
INSTALL_SCRIPT='${INSTALL}'
INSTALL_STRIP_PROGRAM='$(install_sh) -c -s'
LDFLAGS=''
LIBNET_VER='1'
LIBOBJS=''
LIBS='-lgthread-2.0 -lnsl '
LNETLIB='-lnet'
LNET_CFLAGS='-I/usr/local/include -D_BSD_SOURCE -D__BSD_SOURCE -D__FAVOR_BSD -DHAVE_NET_ETHERNET_H'
LTLIBOBJS=''
MAKEINFO='${SHELL} /CC/TPTD_SVN/TPTD/TPTD/missing --run makeinfo'
MKDIR_P='/bin/mkdir -p'
OBJEXT='o'
PACKAGE='TPTD'
PACKAGE_BUGREPORT='stonetools2008@gmail.com'
PACKAGE_NAME='TPTD'
PACKAGE_STRING='TPTD 0.1'
PACKAGE_TARNAME='tptd'
PACKAGE_VERSION='0.1'
PATH_SEPARATOR=':'
PCAPLIB='-lpcap'
PCAP_CFLAGS='-I/usr/include/pcap'
PKG_CONFIG='/usr/bin/pkg-config'
PKG_CONFIG_LIBDIR=''
PKG_CONFIG_PATH=''
RANLIB='ranlib'
SET_MAKE=''
SHELL='/bin/sh'
STRIP=''
TCPSTATES='1'
VERSION='0.1'
ac_ct_CC='gcc'
ac_ct_CXX='g++'
am__EXEEXT_FALSE=''
am__EXEEXT_TRUE='#'
am__fastdepCC_FALSE='#'
am__fastdepCC_TRUE=''
am__fastdepCXX_FALSE='#'
am__fastdepCXX_TRUE=''
am__include='include'
am__isrc=''
am__leading_dot='.'
am__quote=''
am__tar='${AMTAR} chof - "$$tardir"'
am__untar='${AMTAR} xf -'
bindir='${exec_prefix}/bin'
build_alias=''
datadir='${datarootdir}'
datarootdir='${prefix}/share'
docdir='${datarootdir}/doc/${PACKAGE_TARNAME}'
dvidir='${docdir}'
exec_prefix='/usr/local'
host_alias=''
htmldir='${docdir}'
includedir='${prefix}/include'
infodir='${datarootdir}/info'
install_sh='${SHELL} /CC/TPTD_SVN/TPTD/TPTD/install-sh'
libdir='${exec_prefix}/lib'
libexecdir='${exec_prefix}/libexec'
localedir='${datarootdir}/locale'
localstatedir='${prefix}/var'
mandir='${datarootdir}/man'
mkdir_p='/bin/mkdir -p'
oldincludedir='/usr/include'
pdfdir='${docdir}'
prefix='/usr/local'
program_transform_name='s,x,x,'
psdir='${docdir}'
sbindir='${exec_prefix}/sbin'
sharedstatedir='${prefix}/com'
sysconfdir='${prefix}/etc'
target_alias=''

## ----------- ##
## confdefs.h. ##
## ----------- ##

#define PACKAGE_NAME "TPTD"
#define PACKAGE_TARNAME "tptd"
#define PACKAGE_VERSION "0.1"
#define PACKAGE_STRING "TPTD 0.1"
#define PACKAGE_BUGREPORT "stonetools2008@gmail.com"
#define PACKAGE "TPTD"
#define VERSION "0.1"
#define STDC_HEADERS 1
#define HAVE_SYS_TYPES_H 1
#define HAVE_SYS_STAT_H 1
#define HAVE_STDLIB_H 1
#define HAVE_STRING_H 1
#define HAVE_MEMORY_H 1
#define HAVE_STRINGS_H 1
#define HAVE_INTTYPES_H 1
#define HAVE_STDINT_H 1
#define HAVE_UNISTD_H 1
#define HAVE_ALLOCA_H 1
#define HAVE_ALLOCA 1
#define HAVE_ARPA_INET_H 1
#define HAVE_FCNTL_H 1
#define HAVE_NETINET_IN_H 1
#define HAVE_STDLIB_H 1
#define HAVE_STRING_H 1
#define HAVE_SYS_IOCTL_H 1
#define HAVE_SYS_SOCKET_H 1
#define HAVE_SYS_TIME_H 1
#define HAVE_SYSLOG_H 1
#define HAVE_UNISTD_H 1
#define TIME_WITH_SYS_TIME 1
#define HAVE_GETTIMEOFDAY 1
#define HAVE_LIBNSL 1
#define HAVE_LIBGTHREAD_2_0 1

configure: exit 1

## ---------------------- ##
## Running config.status. ##
## ---------------------- ##

This file was extended by TPTD config.status 0.1, which was
generated by GNU Autoconf 2.63.  Invocation command line was

  CONFIG_FILES    = 
  CONFIG_HEADERS  = 
  CONFIG_LINKS    = 
  CONFIG_COMMANDS = 
  $ ./config.status src/config.h

on Thu-Zero01.tsinghua.edu.cn

config.status:818: creating src/config.h
